# JRE version: Java(TM) SE Runtime Environment (8.0-b132) (build 1.8.0-b132)
# Java VM: Java HotSpot(TM) 64-Bit Server VM (25.0-b70 mixed mode windows-amd64 compressed oops)
Heap:
 PSYoungGen      total 9728K, used 7589K [0x00000000eac00000, 0x00000000eb700000, 0x0000000100000000)
  eden space 8192K, 77% used [0x00000000eac00000,0x00000000eb233160,0x00000000eb400000)
  from space 1536K, 80% used [0x00000000eb580000,0x00000000eb6b64f8,0x00000000eb700000)
  to   space 1536K, 0% used [0x00000000eb400000,0x00000000eb400000,0x00000000eb580000)
 ParOldGen       total 64000K, used 2013K [0x00000000c0400000, 0x00000000c4280000, 0x00000000eac00000)
  object space 64000K, 3% used [0x00000000c0400000,0x00000000c05f75b0,0x00000000c4280000)
 Metaspace       used 6186K, capacity 7214K, committed 7296K, reserved 1056768K
  class space    used 576K, capacity 584K, committed 640K, reserved 1048576K
GC Heap History (10 events):
Event: 0.722 GC heap before
{Heap before GC invocations=6 (full 0):
 PSYoungGen      total 2560K, used 2453K [0x00000000eac00000, 0x00000000eb300000, 0x0000000100000000)
  eden space 2048K, 94% used [0x00000000eac00000,0x00000000eade5a48,0x00000000eae00000)
  from space 512K, 99% used [0x00000000eae00000,0x00000000eae7fc10,0x00000000eae80000)
  to   space 1536K, 0% used [0x00000000eb180000,0x00000000eb180000,0x00000000eb300000)
 ParOldGen       total 64000K, used 1109K [0x00000000c0400000, 0x00000000c4280000, 0x00000000eac00000)
  object space 64000K, 1% used [0x00000000c0400000,0x00000000c05154e8,0x00000000c4280000)
 Metaspace       used 4996K, capacity 6126K, committed 6272K, reserved 1056768K
  class space    used 481K, capacity 520K, committed 640K, reserved 1048576K
Event: 0.724 GC heap after
Heap after GC invocations=6 (full 0):
 PSYoungGen      total 5632K, used 1109K [0x00000000eac00000, 0x00000000eb300000, 0x0000000100000000)
  eden space 4096K, 0% used [0x00000000eac00000,0x00000000eac00000,0x00000000eb000000)
  from space 1536K, 72% used [0x00000000eb180000,0x00000000eb295590,0x00000000eb300000)
  to   space 1536K, 0% used [0x00000000eb000000,0x00000000eb000000,0x00000000eb180000)
 ParOldGen       total 64000K, used 1117K [0x00000000c0400000, 0x00000000c4280000, 0x00000000eac00000)
  object space 64000K, 1% used [0x00000000c0400000,0x00000000c05174e8,0x00000000c4280000)
 Metaspace       used 4996K, capacity 6126K, committed 6272K, reserved 1056768K
  class space    used 481K, capacity 520K, committed 640K, reserved 1048576K
}
Event: 1.095 GC heap before
{Heap before GC invocations=7 (full 0):
 PSYoungGen      total 5632K, used 4759K [0x00000000eac00000, 0x00000000eb300000, 0x0000000100000000)
  eden space 4096K, 89% used [0x00000000eac00000,0x00000000eaf907c0,0x00000000eb000000)
  from space 1536K, 72% used [0x00000000eb180000,0x00000000eb295590,0x00000000eb300000)
  to   space 1536K, 0% used [0x00000000eb000000,0x00000000eb000000,0x00000000eb180000)
 ParOldGen       total 64000K, used 1117K [0x00000000c0400000, 0x00000000c4280000, 0x00000000eac00000)
  object space 64000K, 1% used [0x00000000c0400000,0x00000000c05174e8,0x00000000c4280000)
 Metaspace       used 4998K, capacity 6126K, committed 6272K, reserved 1056768K
  class space    used 481K, capacity 520K, committed 640K, reserved 1048576K
Event: 1.096 GC heap after
Heap after GC invocations=7 (full 0):
 PSYoungGen      total 5632K, used 544K [0x00000000eac00000, 0x00000000eb700000, 0x0000000100000000)
  eden space 4096K, 0% used [0x00000000eac00000,0x00000000eac00000,0x00000000eb000000)
  from space 1536K, 35% used [0x00000000eb000000,0x00000000eb088000,0x00000000eb180000)
  to   space 1536K, 0% used [0x00000000eb580000,0x00000000eb580000,0x00000000eb700000)
 ParOldGen       total 64000K, used 1333K [0x00000000c0400000, 0x00000000c4280000, 0x00000000eac00000)
  object space 64000K, 2% used [0x00000000c0400000,0x00000000c054d538,0x00000000c4280000)
 Metaspace       used 4998K, capacity 6126K, committed 6272K, reserved 1056768K
  class space    used 481K, capacity 520K, committed 640K, reserved 1048576K
}
Event: 3.182 GC heap before
{Heap before GC invocations=8 (full 0):
 PSYoungGen      total 5632K, used 4640K [0x00000000eac00000, 0x00000000eb700000, 0x0000000100000000)
  eden space 4096K, 100% used [0x00000000eac00000,0x00000000eb000000,0x00000000eb000000)
  from space 1536K, 35% used [0x00000000eb000000,0x00000000eb088000,0x00000000eb180000)
  to   space 1536K, 0% used [0x00000000eb580000,0x00000000eb580000,0x00000000eb700000)
 ParOldGen       total 64000K, used 1333K [0x00000000c0400000, 0x00000000c4280000, 0x00000000eac00000)
  object space 64000K, 2% used [0x00000000c0400000,0x00000000c054d538,0x00000000c4280000)
 Metaspace       used 5464K, capacity 6606K, committed 6784K, reserved 1056768K
  class space    used 515K, capacity 552K, committed 640K, reserved 1048576K
Event: 3.183 GC heap after
Heap after GC invocations=8 (full 0):
 PSYoungGen      total 9728K, used 869K [0x00000000eac00000, 0x00000000eb700000, 0x0000000100000000)
  eden space 8192K, 0% used [0x00000000eac00000,0x00000000eac00000,0x00000000eb400000)
  from space 1536K, 56% used [0x00000000eb580000,0x00000000eb6595d0,0x00000000eb700000)
  to   space 1536K, 0% used [0x00000000eb400000,0x00000000eb400000,0x00000000eb580000)
 ParOldGen       total 64000K, used 1469K [0x00000000c0400000, 0x00000000c4280000, 0x00000000eac00000)
  object space 64000K, 2% used [0x00000000c0400000,0x00000000c056f578,0x00000000c4280000)
 Metaspace       used 5464K, capacity 6606K, committed 6784K, reserved 1056768K
  class space    used 515K, capacity 552K, committed 640K, reserved 1048576K
}
Event: 24.609 GC heap before
{Heap before GC invocations=9 (full 0):
 PSYoungGen      total 9728K, used 9026K [0x00000000eac00000, 0x00000000eb700000, 0x0000000100000000)
  eden space 8192K, 99% used [0x00000000eac00000,0x00000000eb3f7488,0x00000000eb400000)
  from space 1536K, 56% used [0x00000000eb580000,0x00000000eb6595d0,0x00000000eb700000)
  to   space 1536K, 0% used [0x00000000eb400000,0x00000000eb400000,0x00000000eb580000)
 ParOldGen       total 64000K, used 1469K [0x00000000c0400000, 0x00000000c4280000, 0x00000000eac00000)
  object space 64000K, 2% used [0x00000000c0400000,0x00000000c056f578,0x00000000c4280000)
 Metaspace       used 6139K, capacity 7150K, committed 7296K, reserved 1056768K
  class space    used 574K, capacity 584K, committed 640K, reserved 1048576K
Event: 24.611 GC heap after
Heap after GC invocations=9 (full 0):
 PSYoungGen      total 9728K, used 1390K [0x00000000eac00000, 0x00000000eb700000, 0x0000000100000000)
  eden space 8192K, 0% used [0x00000000eac00000,0x00000000eac00000,0x00000000eb400000)
  from space 1536K, 90% used [0x00000000eb400000,0x00000000eb55b890,0x00000000eb580000)
  to   space 1536K, 0% used [0x00000000eb580000,0x00000000eb580000,0x00000000eb700000)
 ParOldGen       total 64000K, used 1785K [0x00000000c0400000, 0x00000000c4280000, 0x00000000eac00000)
  object space 64000K, 2% used [0x00000000c0400000,0x00000000c05be490,0x00000000c4280000)
 Metaspace       used 6139K, capacity 7150K, committed 7296K, reserved 1056768K
  class space    used 574K, capacity 584K, committed 640K, reserved 1048576K
}
Event: 35.113 GC heap before
{Heap before GC invocations=10 (full 0):
 PSYoungGen      total 9728K, used 9582K [0x00000000eac00000, 0x00000000eb700000, 0x0000000100000000)
  eden space 8192K, 100% used [0x00000000eac00000,0x00000000eb400000,0x00000000eb400000)
  from space 1536K, 90% used [0x00000000eb400000,0x00000000eb55b890,0x00000000eb580000)
  to   space 1536K, 0% used [0x00000000eb580000,0x00000000eb580000,0x00000000eb700000)
 ParOldGen       total 64000K, used 1785K [0x00000000c0400000, 0x00000000c4280000, 0x00000000eac00000)
  object space 64000K, 2% used [0x00000000c0400000,0x00000000c05be490,0x00000000c4280000)
 Metaspace       used 6182K, capacity 7214K, committed 7296K, reserved 1056768K
  class space    used 576K, capacity 584K, committed 640K, reserved 1048576K
Event: 35.116 GC heap after
Heap after GC invocations=10 (full 0):
 PSYoungGen      total 9728K, used 1241K [0x00000000eac00000, 0x00000000eb700000, 0x0000000100000000)
  eden space 8192K, 0% used [0x00000000eac00000,0x00000000eac00000,0x00000000eb400000)
  from space 1536K, 80% used [0x00000000eb580000,0x00000000eb6b64f8,0x00000000eb700000)
  to   space 1536K, 0% used [0x00000000eb400000,0x00000000eb400000,0x00000000eb580000)
 ParOldGen       total 64000K, used 2013K [0x00000000c0400000, 0x00000000c4280000, 0x00000000eac00000)
  object space 64000K, 3% used [0x00000000c0400000,0x00000000c05f75b0,0x00000000c4280000)
 Metaspace       used 6182K, capacity 7214K, committed 7296K, reserved 1056768K
  class space    used 576K, capacity 584K, committed 640K, reserved 1048576K
}

