# JRE version: Java(TM) SE Runtime Environment (8.0-b132) (build 1.8.0-b132)
# Java VM: Java HotSpot(TM) 64-Bit Server VM (25.0-b70 mixed mode windows-amd64 compressed oops)
Heap:
 PSYoungGen      total 11776K, used 4210K [0x00000000eac00000, 0x00000000eb900000, 0x0000000100000000)
  eden space 10240K, 39% used [0x00000000eac00000,0x00000000eafec9f8,0x00000000eb600000)
  from space 1536K, 12% used [0x00000000eb780000,0x00000000eb7b0000,0x00000000eb900000)
  to   space 1536K, 0% used [0x00000000eb600000,0x00000000eb600000,0x00000000eb780000)
 ParOldGen       total 64000K, used 4039K [0x00000000c0400000, 0x00000000c4280000, 0x00000000eac00000)
  object space 64000K, 6% used [0x00000000c0400000,0x00000000c07f1df0,0x00000000c4280000)
 Metaspace       used 6246K, capacity 7246K, committed 7296K, reserved 1056768K
  class space    used 580K, capacity 616K, committed 640K, reserved 1048576K
GC Heap History (10 events):
Event: 40.065 GC heap before
{Heap before GC invocations=14 (full 0):
 PSYoungGen      total 11776K, used 10432K [0x00000000eac00000, 0x00000000eb900000, 0x0000000100000000)
  eden space 10240K, 100% used [0x00000000eac00000,0x00000000eb600000,0x00000000eb600000)
  from space 1536K, 12% used [0x00000000eb600000,0x00000000eb630000,0x00000000eb780000)
  to   space 1536K, 0% used [0x00000000eb780000,0x00000000eb780000,0x00000000eb900000)
 ParOldGen       total 64000K, used 3112K [0x00000000c0400000, 0x00000000c4280000, 0x00000000eac00000)
  object space 64000K, 4% used [0x00000000c0400000,0x00000000c070a128,0x00000000c4280000)
 Metaspace       used 6202K, capacity 7214K, committed 7296K, reserved 1056768K
  class space    used 579K, capacity 584K, committed 640K, reserved 1048576K
Event: 40.066 GC heap after
Heap after GC invocations=14 (full 0):
 PSYoungGen      total 11776K, used 160K [0x00000000eac00000, 0x00000000eb900000, 0x0000000100000000)
  eden space 10240K, 0% used [0x00000000eac00000,0x00000000eac00000,0x00000000eb600000)
  from space 1536K, 10% used [0x00000000eb780000,0x00000000eb7a8000,0x00000000eb900000)
  to   space 1536K, 0% used [0x00000000eb600000,0x00000000eb600000,0x00000000eb780000)
 ParOldGen       total 64000K, used 3112K [0x00000000c0400000, 0x00000000c4280000, 0x00000000eac00000)
  object space 64000K, 4% used [0x00000000c0400000,0x00000000c070a128,0x00000000c4280000)
 Metaspace       used 6202K, capacity 7214K, committed 7296K, reserved 1056768K
  class space    used 579K, capacity 584K, committed 640K, reserved 1048576K
}
Event: 48.616 GC heap before
{Heap before GC invocations=15 (full 0):
 PSYoungGen      total 11776K, used 10400K [0x00000000eac00000, 0x00000000eb900000, 0x0000000100000000)
  eden space 10240K, 100% used [0x00000000eac00000,0x00000000eb600000,0x00000000eb600000)
  from space 1536K, 10% used [0x00000000eb780000,0x00000000eb7a8000,0x00000000eb900000)
  to   space 1536K, 0% used [0x00000000eb600000,0x00000000eb600000,0x00000000eb780000)
 ParOldGen       total 64000K, used 3112K [0x00000000c0400000, 0x00000000c4280000, 0x00000000eac00000)
  object space 64000K, 4% used [0x00000000c0400000,0x00000000c070a128,0x00000000c4280000)
 Metaspace       used 6225K, capacity 7214K, committed 7296K, reserved 1056768K
  class space    used 579K, capacity 584K, committed 640K, reserved 1048576K
Event: 48.618 GC heap after
Heap after GC invocations=15 (full 0):
 PSYoungGen      total 11776K, used 1014K [0x00000000eac00000, 0x00000000eb900000, 0x0000000100000000)
  eden space 10240K, 0% used [0x00000000eac00000,0x00000000eac00000,0x00000000eb600000)
  from space 1536K, 66% used [0x00000000eb600000,0x00000000eb6fdbe8,0x00000000eb780000)
  to   space 1536K, 0% used [0x00000000eb780000,0x00000000eb780000,0x00000000eb900000)
 ParOldGen       total 64000K, used 3136K [0x00000000c0400000, 0x00000000c4280000, 0x00000000eac00000)
  object space 64000K, 4% used [0x00000000c0400000,0x00000000c0710128,0x00000000c4280000)
 Metaspace       used 6225K, capacity 7214K, committed 7296K, reserved 1056768K
  class space    used 579K, capacity 584K, committed 640K, reserved 1048576K
}
Event: 58.084 GC heap before
{Heap before GC invocations=16 (full 0):
 PSYoungGen      total 11776K, used 11254K [0x00000000eac00000, 0x00000000eb900000, 0x0000000100000000)
  eden space 10240K, 100% used [0x00000000eac00000,0x00000000eb600000,0x00000000eb600000)
  from space 1536K, 66% used [0x00000000eb600000,0x00000000eb6fdbe8,0x00000000eb780000)
  to   space 1536K, 0% used [0x00000000eb780000,0x00000000eb780000,0x00000000eb900000)
 ParOldGen       total 64000K, used 3136K [0x00000000c0400000, 0x00000000c4280000, 0x00000000eac00000)
  object space 64000K, 4% used [0x00000000c0400000,0x00000000c0710128,0x00000000c4280000)
 Metaspace       used 6234K, capacity 7214K, committed 7296K, reserved 1056768K
  class space    used 579K, capacity 584K, committed 640K, reserved 1048576K
Event: 58.085 GC heap after
Heap after GC invocations=16 (full 0):
 PSYoungGen      total 11776K, used 192K [0x00000000eac00000, 0x00000000eb900000, 0x0000000100000000)
  eden space 10240K, 0% used [0x00000000eac00000,0x00000000eac00000,0x00000000eb600000)
  from space 1536K, 12% used [0x00000000eb780000,0x00000000eb7b0000,0x00000000eb900000)
  to   space 1536K, 0% used [0x00000000eb600000,0x00000000eb600000,0x00000000eb780000)
 ParOldGen       total 64000K, used 3991K [0x00000000c0400000, 0x00000000c4280000, 0x00000000eac00000)
  object space 64000K, 6% used [0x00000000c0400000,0x00000000c07e5df0,0x00000000c4280000)
 Metaspace       used 6234K, capacity 7214K, committed 7296K, reserved 1056768K
  class space    used 579K, capacity 584K, committed 640K, reserved 1048576K
}
Event: 73.985 GC heap before
{Heap before GC invocations=17 (full 0):
 PSYoungGen      total 11776K, used 10432K [0x00000000eac00000, 0x00000000eb900000, 0x0000000100000000)
  eden space 10240K, 100% used [0x00000000eac00000,0x00000000eb600000,0x00000000eb600000)
  from space 1536K, 12% used [0x00000000eb780000,0x00000000eb7b0000,0x00000000eb900000)
  to   space 1536K, 0% used [0x00000000eb600000,0x00000000eb600000,0x00000000eb780000)
 ParOldGen       total 64000K, used 3991K [0x00000000c0400000, 0x00000000c4280000, 0x00000000eac00000)
  object space 64000K, 6% used [0x00000000c0400000,0x00000000c07e5df0,0x00000000c4280000)
 Metaspace       used 6245K, capacity 7246K, committed 7296K, reserved 1056768K
  class space    used 580K, capacity 616K, committed 640K, reserved 1048576K
Event: 73.986 GC heap after
Heap after GC invocations=17 (full 0):
 PSYoungGen      total 11776K, used 192K [0x00000000eac00000, 0x00000000eb900000, 0x0000000100000000)
  eden space 10240K, 0% used [0x00000000eac00000,0x00000000eac00000,0x00000000eb600000)
  from space 1536K, 12% used [0x00000000eb600000,0x00000000eb630000,0x00000000eb780000)
  to   space 1536K, 0% used [0x00000000eb780000,0x00000000eb780000,0x00000000eb900000)
 ParOldGen       total 64000K, used 4015K [0x00000000c0400000, 0x00000000c4280000, 0x00000000eac00000)
  object space 64000K, 6% used [0x00000000c0400000,0x00000000c07ebdf0,0x00000000c4280000)
 Metaspace       used 6245K, capacity 7246K, committed 7296K, reserved 1056768K
  class space    used 580K, capacity 616K, committed 640K, reserved 1048576K
}
Event: 89.852 GC heap before
{Heap before GC invocations=18 (full 0):
 PSYoungGen      total 11776K, used 10432K [0x00000000eac00000, 0x00000000eb900000, 0x0000000100000000)
  eden space 10240K, 100% used [0x00000000eac00000,0x00000000eb600000,0x00000000eb600000)
  from space 1536K, 12% used [0x00000000eb600000,0x00000000eb630000,0x00000000eb780000)
  to   space 1536K, 0% used [0x00000000eb780000,0x00000000eb780000,0x00000000eb900000)
 ParOldGen       total 64000K, used 4015K [0x00000000c0400000, 0x00000000c4280000, 0x00000000eac00000)
  object space 64000K, 6% used [0x00000000c0400000,0x00000000c07ebdf0,0x00000000c4280000)
 Metaspace       used 6245K, capacity 7246K, committed 7296K, reserved 1056768K
  class space    used 580K, capacity 616K, committed 640K, reserved 1048576K
Event: 89.853 GC heap after
Heap after GC invocations=18 (full 0):
 PSYoungGen      total 11776K, used 192K [0x00000000eac00000, 0x00000000eb900000, 0x0000000100000000)
  eden space 10240K, 0% used [0x00000000eac00000,0x00000000eac00000,0x00000000eb600000)
  from space 1536K, 12% used [0x00000000eb780000,0x00000000eb7b0000,0x00000000eb900000)
  to   space 1536K, 0% used [0x00000000eb600000,0x00000000eb600000,0x00000000eb780000)
 ParOldGen       total 64000K, used 4039K [0x00000000c0400000, 0x00000000c4280000, 0x00000000eac00000)
  object space 64000K, 6% used [0x00000000c0400000,0x00000000c07f1df0,0x00000000c4280000)
 Metaspace       used 6245K, capacity 7246K, committed 7296K, reserved 1056768K
  class space    used 580K, capacity 616K, committed 640K, reserved 1048576K
}

