# JRE version: Java(TM) SE Runtime Environment (8.0-b132) (build 1.8.0-b132)
# Java VM: Java HotSpot(TM) 64-Bit Server VM (25.0-b70 mixed mode windows-amd64 compressed oops)
Heap:
 PSYoungGen      total 5632K, used 3394K [0x00000000eac00000, 0x00000000eb600000, 0x0000000100000000)
  eden space 4096K, 48% used [0x00000000eac00000,0x00000000eadeb8b8,0x00000000eb000000)
  from space 1536K, 93% used [0x00000000eb000000,0x00000000eb165248,0x00000000eb180000)
  to   space 2048K, 0% used [0x00000000eb400000,0x00000000eb400000,0x00000000eb600000)
 ParOldGen       total 64000K, used 1780K [0x00000000c0400000, 0x00000000c4280000, 0x00000000eac00000)
  object space 64000K, 2% used [0x00000000c0400000,0x00000000c05bd150,0x00000000c4280000)
 Metaspace       used 6171K, capacity 7152K, committed 7296K, reserved 1056768K
  class space    used 581K, capacity 586K, committed 640K, reserved 1048576K
GC Heap History (10 events):
Event: 0.552 GC heap before
{Heap before GC invocations=5 (full 0):
 PSYoungGen      total 2560K, used 2480K [0x00000000eac00000, 0x00000000eaf00000, 0x0000000100000000)
  eden space 2048K, 97% used [0x00000000eac00000,0x00000000eadf4350,0x00000000eae00000)
  from space 512K, 93% used [0x00000000eae80000,0x00000000eaef8020,0x00000000eaf00000)
  to   space 512K, 0% used [0x00000000eae00000,0x00000000eae00000,0x00000000eae80000)
 ParOldGen       total 64000K, used 607K [0x00000000c0400000, 0x00000000c4280000, 0x00000000eac00000)
  object space 64000K, 0% used [0x00000000c0400000,0x00000000c0497e50,0x00000000c4280000)
 Metaspace       used 4533K, capacity 5710K, committed 5888K, reserved 1056768K
  class space    used 459K, capacity 488K, committed 512K, reserved 1048576K
Event: 0.555 GC heap after
Heap after GC invocations=5 (full 0):
 PSYoungGen      total 2560K, used 511K [0x00000000eac00000, 0x00000000eb300000, 0x0000000100000000)
  eden space 2048K, 0% used [0x00000000eac00000,0x00000000eac00000,0x00000000eae00000)
  from space 512K, 99% used [0x00000000eae00000,0x00000000eae7fc10,0x00000000eae80000)
  to   space 1536K, 0% used [0x00000000eb180000,0x00000000eb180000,0x00000000eb300000)
 ParOldGen       total 64000K, used 1084K [0x00000000c0400000, 0x00000000c4280000, 0x00000000eac00000)
  object space 64000K, 1% used [0x00000000c0400000,0x00000000c050f2e8,0x00000000c4280000)
 Metaspace       used 4533K, capacity 5710K, committed 5888K, reserved 1056768K
  class space    used 459K, capacity 488K, committed 512K, reserved 1048576K
}
Event: 0.762 GC heap before
{Heap before GC invocations=6 (full 0):
 PSYoungGen      total 2560K, used 2467K [0x00000000eac00000, 0x00000000eb300000, 0x0000000100000000)
  eden space 2048K, 95% used [0x00000000eac00000,0x00000000eade91f8,0x00000000eae00000)
  from space 512K, 99% used [0x00000000eae00000,0x00000000eae7fc10,0x00000000eae80000)
  to   space 1536K, 0% used [0x00000000eb180000,0x00000000eb180000,0x00000000eb300000)
 ParOldGen       total 64000K, used 1084K [0x00000000c0400000, 0x00000000c4280000, 0x00000000eac00000)
  object space 64000K, 1% used [0x00000000c0400000,0x00000000c050f2e8,0x00000000c4280000)
 Metaspace       used 4997K, capacity 6126K, committed 6272K, reserved 1056768K
  class space    used 481K, capacity 520K, committed 640K, reserved 1048576K
Event: 0.765 GC heap after
Heap after GC invocations=6 (full 0):
 PSYoungGen      total 5632K, used 1140K [0x00000000eac00000, 0x00000000eb300000, 0x0000000100000000)
  eden space 4096K, 0% used [0x00000000eac00000,0x00000000eac00000,0x00000000eb000000)
  from space 1536K, 74% used [0x00000000eb180000,0x00000000eb29d2d0,0x00000000eb300000)
  to   space 1536K, 0% used [0x00000000eb000000,0x00000000eb000000,0x00000000eb180000)
 ParOldGen       total 64000K, used 1092K [0x00000000c0400000, 0x00000000c4280000, 0x00000000eac00000)
  object space 64000K, 1% used [0x00000000c0400000,0x00000000c05112e8,0x00000000c4280000)
 Metaspace       used 4997K, capacity 6126K, committed 6272K, reserved 1056768K
  class space    used 481K, capacity 520K, committed 640K, reserved 1048576K
}
Event: 1.143 GC heap before
{Heap before GC invocations=7 (full 0):
 PSYoungGen      total 5632K, used 4781K [0x00000000eac00000, 0x00000000eb300000, 0x0000000100000000)
  eden space 4096K, 88% used [0x00000000eac00000,0x00000000eaf8e420,0x00000000eb000000)
  from space 1536K, 74% used [0x00000000eb180000,0x00000000eb29d2d0,0x00000000eb300000)
  to   space 1536K, 0% used [0x00000000eb000000,0x00000000eb000000,0x00000000eb180000)
 ParOldGen       total 64000K, used 1092K [0x00000000c0400000, 0x00000000c4280000, 0x00000000eac00000)
  object space 64000K, 1% used [0x00000000c0400000,0x00000000c05112e8,0x00000000c4280000)
 Metaspace       used 4998K, capacity 6126K, committed 6272K, reserved 1056768K
  class space    used 481K, capacity 520K, committed 640K, reserved 1048576K
Event: 1.144 GC heap after
Heap after GC invocations=7 (full 0):
 PSYoungGen      total 5632K, used 544K [0x00000000eac00000, 0x00000000eb700000, 0x0000000100000000)
  eden space 4096K, 0% used [0x00000000eac00000,0x00000000eac00000,0x00000000eb000000)
  from space 1536K, 35% used [0x00000000eb000000,0x00000000eb088000,0x00000000eb180000)
  to   space 1536K, 0% used [0x00000000eb580000,0x00000000eb580000,0x00000000eb700000)
 ParOldGen       total 64000K, used 1348K [0x00000000c0400000, 0x00000000c4280000, 0x00000000eac00000)
  object space 64000K, 2% used [0x00000000c0400000,0x00000000c0551338,0x00000000c4280000)
 Metaspace       used 4998K, capacity 6126K, committed 6272K, reserved 1056768K
  class space    used 481K, capacity 520K, committed 640K, reserved 1048576K
}
Event: 3.387 GC heap before
{Heap before GC invocations=8 (full 0):
 PSYoungGen      total 5632K, used 4640K [0x00000000eac00000, 0x00000000eb700000, 0x0000000100000000)
  eden space 4096K, 100% used [0x00000000eac00000,0x00000000eb000000,0x00000000eb000000)
  from space 1536K, 35% used [0x00000000eb000000,0x00000000eb088000,0x00000000eb180000)
  to   space 1536K, 0% used [0x00000000eb580000,0x00000000eb580000,0x00000000eb700000)
 ParOldGen       total 64000K, used 1348K [0x00000000c0400000, 0x00000000c4280000, 0x00000000eac00000)
  object space 64000K, 2% used [0x00000000c0400000,0x00000000c0551338,0x00000000c4280000)
 Metaspace       used 5666K, capacity 6734K, committed 7040K, reserved 1056768K
  class space    used 536K, capacity 552K, committed 640K, reserved 1048576K
Event: 3.389 GC heap after
Heap after GC invocations=8 (full 0):
 PSYoungGen      total 5632K, used 1253K [0x00000000eac00000, 0x00000000eb700000, 0x0000000100000000)
  eden space 4096K, 0% used [0x00000000eac00000,0x00000000eac00000,0x00000000eb000000)
  from space 1536K, 81% used [0x00000000eb580000,0x00000000eb6b9740,0x00000000eb700000)
  to   space 1536K, 0% used [0x00000000eb000000,0x00000000eb000000,0x00000000eb180000)
 ParOldGen       total 64000K, used 1492K [0x00000000c0400000, 0x00000000c4280000, 0x00000000eac00000)
  object space 64000K, 2% used [0x00000000c0400000,0x00000000c0575378,0x00000000c4280000)
 Metaspace       used 5666K, capacity 6734K, committed 7040K, reserved 1056768K
  class space    used 536K, capacity 552K, committed 640K, reserved 1048576K
}
Event: 6.048 GC heap before
{Heap before GC invocations=9 (full 0):
 PSYoungGen      total 5632K, used 5349K [0x00000000eac00000, 0x00000000eb700000, 0x0000000100000000)
  eden space 4096K, 100% used [0x00000000eac00000,0x00000000eb000000,0x00000000eb000000)
  from space 1536K, 81% used [0x00000000eb580000,0x00000000eb6b9740,0x00000000eb700000)
  to   space 1536K, 0% used [0x00000000eb000000,0x00000000eb000000,0x00000000eb180000)
 ParOldGen       total 64000K, used 1492K [0x00000000c0400000, 0x00000000c4280000, 0x00000000eac00000)
  object space 64000K, 2% used [0x00000000c0400000,0x00000000c0575378,0x00000000c4280000)
 Metaspace       used 6134K, capacity 7088K, committed 7296K, reserved 1056768K
  class space    used 581K, capacity 586K, committed 640K, reserved 1048576K
Event: 6.050 GC heap after
Heap after GC invocations=9 (full 0):
 PSYoungGen      total 5632K, used 1428K [0x00000000eac00000, 0x00000000eb600000, 0x0000000100000000)
  eden space 4096K, 0% used [0x00000000eac00000,0x00000000eac00000,0x00000000eb000000)
  from space 1536K, 93% used [0x00000000eb000000,0x00000000eb165248,0x00000000eb180000)
  to   space 2048K, 0% used [0x00000000eb400000,0x00000000eb400000,0x00000000eb600000)
 ParOldGen       total 64000K, used 1780K [0x00000000c0400000, 0x00000000c4280000, 0x00000000eac00000)
  object space 64000K, 2% used [0x00000000c0400000,0x00000000c05bd150,0x00000000c4280000)
 Metaspace       used 6134K, capacity 7088K, committed 7296K, reserved 1056768K
  class space    used 581K, capacity 586K, committed 640K, reserved 1048576K
}

