# JRE version: Java(TM) SE Runtime Environment (8.0-b132) (build 1.8.0-b132)
# Java VM: Java HotSpot(TM) 64-Bit Server VM (25.0-b70 mixed mode windows-amd64 compressed oops)
Heap:
 PSYoungGen      total 9728K, used 3937K [0x00000000eac00000, 0x00000000eb800000, 0x0000000100000000)
  eden space 8192K, 30% used [0x00000000eac00000,0x00000000eae73160,0x00000000eb400000)
  from space 1536K, 93% used [0x00000000eb400000,0x00000000eb5652e8,0x00000000eb580000)
  to   space 2048K, 0% used [0x00000000eb600000,0x00000000eb600000,0x00000000eb800000)
 ParOldGen       total 64000K, used 1778K [0x00000000c0400000, 0x00000000c4280000, 0x00000000eac00000)
  object space 64000K, 2% used [0x00000000c0400000,0x00000000c05bc848,0x00000000c4280000)
 Metaspace       used 6147K, capacity 7150K, committed 7296K, reserved 1056768K
  class space    used 574K, capacity 584K, committed 640K, reserved 1048576K
GC Heap History (10 events):
Event: 0.533 GC heap before
{Heap before GC invocations=5 (full 0):
 PSYoungGen      total 2560K, used 2556K [0x00000000eac00000, 0x00000000eaf00000, 0x0000000100000000)
  eden space 2048K, 99% used [0x00000000eac00000,0x00000000eadff0c8,0x00000000eae00000)
  from space 512K, 100% used [0x00000000eae80000,0x00000000eaf00000,0x00000000eaf00000)
  to   space 512K, 0% used [0x00000000eae00000,0x00000000eae00000,0x00000000eae80000)
 ParOldGen       total 64000K, used 572K [0x00000000c0400000, 0x00000000c4280000, 0x00000000eac00000)
  object space 64000K, 0% used [0x00000000c0400000,0x00000000c048f2c8,0x00000000c4280000)
 Metaspace       used 4533K, capacity 5710K, committed 5888K, reserved 1056768K
  class space    used 459K, capacity 488K, committed 512K, reserved 1048576K
Event: 0.537 GC heap after
Heap after GC invocations=5 (full 0):
 PSYoungGen      total 2560K, used 511K [0x00000000eac00000, 0x00000000eb300000, 0x0000000100000000)
  eden space 2048K, 0% used [0x00000000eac00000,0x00000000eac00000,0x00000000eae00000)
  from space 512K, 99% used [0x00000000eae00000,0x00000000eae7fc10,0x00000000eae80000)
  to   space 1536K, 0% used [0x00000000eb180000,0x00000000eb180000,0x00000000eb300000)
 ParOldGen       total 64000K, used 1142K [0x00000000c0400000, 0x00000000c4280000, 0x00000000eac00000)
  object space 64000K, 1% used [0x00000000c0400000,0x00000000c051d8a0,0x00000000c4280000)
 Metaspace       used 4533K, capacity 5710K, committed 5888K, reserved 1056768K
  class space    used 459K, capacity 488K, committed 512K, reserved 1048576K
}
Event: 0.709 GC heap before
{Heap before GC invocations=6 (full 0):
 PSYoungGen      total 2560K, used 2404K [0x00000000eac00000, 0x00000000eb300000, 0x0000000100000000)
  eden space 2048K, 92% used [0x00000000eac00000,0x00000000eadd95b0,0x00000000eae00000)
  from space 512K, 99% used [0x00000000eae00000,0x00000000eae7fc10,0x00000000eae80000)
  to   space 1536K, 0% used [0x00000000eb180000,0x00000000eb180000,0x00000000eb300000)
 ParOldGen       total 64000K, used 1142K [0x00000000c0400000, 0x00000000c4280000, 0x00000000eac00000)
  object space 64000K, 1% used [0x00000000c0400000,0x00000000c051d8a0,0x00000000c4280000)
 Metaspace       used 4997K, capacity 6126K, committed 6272K, reserved 1056768K
  class space    used 481K, capacity 520K, committed 640K, reserved 1048576K
Event: 0.711 GC heap after
Heap after GC invocations=6 (full 0):
 PSYoungGen      total 5632K, used 1140K [0x00000000eac00000, 0x00000000eb300000, 0x0000000100000000)
  eden space 4096K, 0% used [0x00000000eac00000,0x00000000eac00000,0x00000000eb000000)
  from space 1536K, 74% used [0x00000000eb180000,0x00000000eb29d2d0,0x00000000eb300000)
  to   space 1536K, 0% used [0x00000000eb000000,0x00000000eb000000,0x00000000eb180000)
 ParOldGen       total 64000K, used 1150K [0x00000000c0400000, 0x00000000c4280000, 0x00000000eac00000)
  object space 64000K, 1% used [0x00000000c0400000,0x00000000c051f8a0,0x00000000c4280000)
 Metaspace       used 4997K, capacity 6126K, committed 6272K, reserved 1056768K
  class space    used 481K, capacity 520K, committed 640K, reserved 1048576K
}
Event: 1.087 GC heap before
{Heap before GC invocations=7 (full 0):
 PSYoungGen      total 5632K, used 4774K [0x00000000eac00000, 0x00000000eb300000, 0x0000000100000000)
  eden space 4096K, 88% used [0x00000000eac00000,0x00000000eaf8c7e8,0x00000000eb000000)
  from space 1536K, 74% used [0x00000000eb180000,0x00000000eb29d2d0,0x00000000eb300000)
  to   space 1536K, 0% used [0x00000000eb000000,0x00000000eb000000,0x00000000eb180000)
 ParOldGen       total 64000K, used 1150K [0x00000000c0400000, 0x00000000c4280000, 0x00000000eac00000)
  object space 64000K, 1% used [0x00000000c0400000,0x00000000c051f8a0,0x00000000c4280000)
 Metaspace       used 4999K, capacity 6126K, committed 6272K, reserved 1056768K
  class space    used 481K, capacity 520K, committed 640K, reserved 1048576K
Event: 1.088 GC heap after
Heap after GC invocations=7 (full 0):
 PSYoungGen      total 5632K, used 576K [0x00000000eac00000, 0x00000000eb700000, 0x0000000100000000)
  eden space 4096K, 0% used [0x00000000eac00000,0x00000000eac00000,0x00000000eb000000)
  from space 1536K, 37% used [0x00000000eb000000,0x00000000eb090000,0x00000000eb180000)
  to   space 1536K, 0% used [0x00000000eb580000,0x00000000eb580000,0x00000000eb700000)
 ParOldGen       total 64000K, used 1310K [0x00000000c0400000, 0x00000000c4280000, 0x00000000eac00000)
  object space 64000K, 2% used [0x00000000c0400000,0x00000000c05478f0,0x00000000c4280000)
 Metaspace       used 4999K, capacity 6126K, committed 6272K, reserved 1056768K
  class space    used 481K, capacity 520K, committed 640K, reserved 1048576K
}
Event: 2.867 GC heap before
{Heap before GC invocations=8 (full 0):
 PSYoungGen      total 5632K, used 4672K [0x00000000eac00000, 0x00000000eb700000, 0x0000000100000000)
  eden space 4096K, 100% used [0x00000000eac00000,0x00000000eb000000,0x00000000eb000000)
  from space 1536K, 37% used [0x00000000eb000000,0x00000000eb090000,0x00000000eb180000)
  to   space 1536K, 0% used [0x00000000eb580000,0x00000000eb580000,0x00000000eb700000)
 ParOldGen       total 64000K, used 1310K [0x00000000c0400000, 0x00000000c4280000, 0x00000000eac00000)
  object space 64000K, 2% used [0x00000000c0400000,0x00000000c05478f0,0x00000000c4280000)
 Metaspace       used 5656K, capacity 6734K, committed 7040K, reserved 1056768K
  class space    used 535K, capacity 552K, committed 640K, reserved 1048576K
Event: 2.869 GC heap after
Heap after GC invocations=8 (full 0):
 PSYoungGen      total 9728K, used 1286K [0x00000000eac00000, 0x00000000eb700000, 0x0000000100000000)
  eden space 8192K, 0% used [0x00000000eac00000,0x00000000eac00000,0x00000000eb400000)
  from space 1536K, 83% used [0x00000000eb580000,0x00000000eb6c1bb8,0x00000000eb700000)
  to   space 1536K, 0% used [0x00000000eb400000,0x00000000eb400000,0x00000000eb580000)
 ParOldGen       total 64000K, used 1446K [0x00000000c0400000, 0x00000000c4280000, 0x00000000eac00000)
  object space 64000K, 2% used [0x00000000c0400000,0x00000000c0569930,0x00000000c4280000)
 Metaspace       used 5656K, capacity 6734K, committed 7040K, reserved 1056768K
  class space    used 535K, capacity 552K, committed 640K, reserved 1048576K
}
Event: 11.543 GC heap before
{Heap before GC invocations=9 (full 0):
 PSYoungGen      total 9728K, used 9478K [0x00000000eac00000, 0x00000000eb700000, 0x0000000100000000)
  eden space 8192K, 100% used [0x00000000eac00000,0x00000000eb400000,0x00000000eb400000)
  from space 1536K, 83% used [0x00000000eb580000,0x00000000eb6c1bb8,0x00000000eb700000)
  to   space 1536K, 0% used [0x00000000eb400000,0x00000000eb400000,0x00000000eb580000)
 ParOldGen       total 64000K, used 1446K [0x00000000c0400000, 0x00000000c4280000, 0x00000000eac00000)
  object space 64000K, 2% used [0x00000000c0400000,0x00000000c0569930,0x00000000c4280000)
 Metaspace       used 6128K, capacity 7150K, committed 7296K, reserved 1056768K
  class space    used 574K, capacity 584K, committed 640K, reserved 1048576K
Event: 11.545 GC heap after
Heap after GC invocations=9 (full 0):
 PSYoungGen      total 9728K, used 1428K [0x00000000eac00000, 0x00000000eb800000, 0x0000000100000000)
  eden space 8192K, 0% used [0x00000000eac00000,0x00000000eac00000,0x00000000eb400000)
  from space 1536K, 93% used [0x00000000eb400000,0x00000000eb5652e8,0x00000000eb580000)
  to   space 2048K, 0% used [0x00000000eb600000,0x00000000eb600000,0x00000000eb800000)
 ParOldGen       total 64000K, used 1778K [0x00000000c0400000, 0x00000000c4280000, 0x00000000eac00000)
  object space 64000K, 2% used [0x00000000c0400000,0x00000000c05bc848,0x00000000c4280000)
 Metaspace       used 6128K, capacity 7150K, committed 7296K, reserved 1056768K
  class space    used 574K, capacity 584K, committed 640K, reserved 1048576K
}

