# JRE version: Java(TM) SE Runtime Environment (8.0-b132) (build 1.8.0-b132)
# Java VM: Java HotSpot(TM) 64-Bit Server VM (25.0-b70 mixed mode windows-amd64 compressed oops)
Heap:
 PSYoungGen      total 5632K, used 2676K [0x00000000eac00000, 0x00000000eb300000, 0x0000000100000000)
  eden space 4096K, 61% used [0x00000000eac00000,0x00000000eae751c8,0x00000000eb000000)
  from space 1536K, 10% used [0x00000000eb000000,0x00000000eb028000,0x00000000eb180000)
  to   space 1536K, 0% used [0x00000000eb180000,0x00000000eb180000,0x00000000eb300000)
 ParOldGen       total 64000K, used 4064K [0x00000000c0400000, 0x00000000c4280000, 0x00000000eac00000)
  object space 64000K, 6% used [0x00000000c0400000,0x00000000c07f8230,0x00000000c4280000)
 Metaspace       used 6209K, capacity 7214K, committed 7296K, reserved 1056768K
  class space    used 577K, capacity 584K, committed 640K, reserved 1048576K
GC Heap History (10 events):
Event: 80.674 GC heap before
{Heap before GC invocations=23 (full 0):
 PSYoungGen      total 5632K, used 5063K [0x00000000eac00000, 0x00000000eb300000, 0x0000000100000000)
  eden space 4096K, 100% used [0x00000000eac00000,0x00000000eb000000,0x00000000eb000000)
  from space 1536K, 62% used [0x00000000eb180000,0x00000000eb271c30,0x00000000eb300000)
  to   space 1536K, 0% used [0x00000000eb000000,0x00000000eb000000,0x00000000eb180000)
 ParOldGen       total 64000K, used 3169K [0x00000000c0400000, 0x00000000c4280000, 0x00000000eac00000)
  object space 64000K, 4% used [0x00000000c0400000,0x00000000c0718568,0x00000000c4280000)
 Metaspace       used 6208K, capacity 7214K, committed 7296K, reserved 1056768K
  class space    used 577K, capacity 584K, committed 640K, reserved 1048576K
Event: 80.676 GC heap after
Heap after GC invocations=23 (full 0):
 PSYoungGen      total 5632K, used 919K [0x00000000eac00000, 0x00000000eb400000, 0x0000000100000000)
  eden space 4096K, 0% used [0x00000000eac00000,0x00000000eac00000,0x00000000eb000000)
  from space 1536K, 59% used [0x00000000eb000000,0x00000000eb0e5c20,0x00000000eb180000)
  to   space 2048K, 0% used [0x00000000eb200000,0x00000000eb200000,0x00000000eb400000)
 ParOldGen       total 64000K, used 3193K [0x00000000c0400000, 0x00000000c4280000, 0x00000000eac00000)
  object space 64000K, 4% used [0x00000000c0400000,0x00000000c071e568,0x00000000c4280000)
 Metaspace       used 6208K, capacity 7214K, committed 7296K, reserved 1056768K
  class space    used 577K, capacity 584K, committed 640K, reserved 1048576K
}
Event: 86.891 GC heap before
{Heap before GC invocations=24 (full 0):
 PSYoungGen      total 5632K, used 5015K [0x00000000eac00000, 0x00000000eb400000, 0x0000000100000000)
  eden space 4096K, 100% used [0x00000000eac00000,0x00000000eb000000,0x00000000eb000000)
  from space 1536K, 59% used [0x00000000eb000000,0x00000000eb0e5c20,0x00000000eb180000)
  to   space 2048K, 0% used [0x00000000eb200000,0x00000000eb200000,0x00000000eb400000)
 ParOldGen       total 64000K, used 3193K [0x00000000c0400000, 0x00000000c4280000, 0x00000000eac00000)
  object space 64000K, 4% used [0x00000000c0400000,0x00000000c071e568,0x00000000c4280000)
 Metaspace       used 6208K, capacity 7214K, committed 7296K, reserved 1056768K
  class space    used 577K, capacity 584K, committed 640K, reserved 1048576K
Event: 86.892 GC heap after
Heap after GC invocations=24 (full 0):
 PSYoungGen      total 5120K, used 128K [0x00000000eac00000, 0x00000000eb300000, 0x0000000100000000)
  eden space 4096K, 0% used [0x00000000eac00000,0x00000000eac00000,0x00000000eb000000)
  from space 1024K, 12% used [0x00000000eb200000,0x00000000eb220000,0x00000000eb300000)
  to   space 1536K, 0% used [0x00000000eb000000,0x00000000eb000000,0x00000000eb180000)
 ParOldGen       total 64000K, used 4016K [0x00000000c0400000, 0x00000000c4280000, 0x00000000eac00000)
  object space 64000K, 6% used [0x00000000c0400000,0x00000000c07ec230,0x00000000c4280000)
 Metaspace       used 6208K, capacity 7214K, committed 7296K, reserved 1056768K
  class space    used 577K, capacity 584K, committed 640K, reserved 1048576K
}
Event: 92.676 GC heap before
{Heap before GC invocations=25 (full 0):
 PSYoungGen      total 5120K, used 4224K [0x00000000eac00000, 0x00000000eb300000, 0x0000000100000000)
  eden space 4096K, 100% used [0x00000000eac00000,0x00000000eb000000,0x00000000eb000000)
  from space 1024K, 12% used [0x00000000eb200000,0x00000000eb220000,0x00000000eb300000)
  to   space 1536K, 0% used [0x00000000eb000000,0x00000000eb000000,0x00000000eb180000)
 ParOldGen       total 64000K, used 4016K [0x00000000c0400000, 0x00000000c4280000, 0x00000000eac00000)
  object space 64000K, 6% used [0x00000000c0400000,0x00000000c07ec230,0x00000000c4280000)
 Metaspace       used 6208K, capacity 7214K, committed 7296K, reserved 1056768K
  class space    used 577K, capacity 584K, committed 640K, reserved 1048576K
Event: 92.677 GC heap after
Heap after GC invocations=25 (full 0):
 PSYoungGen      total 5632K, used 128K [0x00000000eac00000, 0x00000000eb300000, 0x0000000100000000)
  eden space 4096K, 0% used [0x00000000eac00000,0x00000000eac00000,0x00000000eb000000)
  from space 1536K, 8% used [0x00000000eb000000,0x00000000eb020000,0x00000000eb180000)
  to   space 1536K, 0% used [0x00000000eb180000,0x00000000eb180000,0x00000000eb300000)
 ParOldGen       total 64000K, used 4040K [0x00000000c0400000, 0x00000000c4280000, 0x00000000eac00000)
  object space 64000K, 6% used [0x00000000c0400000,0x00000000c07f2230,0x00000000c4280000)
 Metaspace       used 6208K, capacity 7214K, committed 7296K, reserved 1056768K
  class space    used 577K, capacity 584K, committed 640K, reserved 1048576K
}
Event: 98.892 GC heap before
{Heap before GC invocations=26 (full 0):
 PSYoungGen      total 5632K, used 4224K [0x00000000eac00000, 0x00000000eb300000, 0x0000000100000000)
  eden space 4096K, 100% used [0x00000000eac00000,0x00000000eb000000,0x00000000eb000000)
  from space 1536K, 8% used [0x00000000eb000000,0x00000000eb020000,0x00000000eb180000)
  to   space 1536K, 0% used [0x00000000eb180000,0x00000000eb180000,0x00000000eb300000)
 ParOldGen       total 64000K, used 4040K [0x00000000c0400000, 0x00000000c4280000, 0x00000000eac00000)
  object space 64000K, 6% used [0x00000000c0400000,0x00000000c07f2230,0x00000000c4280000)
 Metaspace       used 6209K, capacity 7214K, committed 7296K, reserved 1056768K
  class space    used 577K, capacity 584K, committed 640K, reserved 1048576K
Event: 98.892 GC heap after
Heap after GC invocations=26 (full 0):
 PSYoungGen      total 5632K, used 160K [0x00000000eac00000, 0x00000000eb300000, 0x0000000100000000)
  eden space 4096K, 0% used [0x00000000eac00000,0x00000000eac00000,0x00000000eb000000)
  from space 1536K, 10% used [0x00000000eb180000,0x00000000eb1a8000,0x00000000eb300000)
  to   space 1536K, 0% used [0x00000000eb000000,0x00000000eb000000,0x00000000eb180000)
 ParOldGen       total 64000K, used 4056K [0x00000000c0400000, 0x00000000c4280000, 0x00000000eac00000)
  object space 64000K, 6% used [0x00000000c0400000,0x00000000c07f6230,0x00000000c4280000)
 Metaspace       used 6209K, capacity 7214K, committed 7296K, reserved 1056768K
  class space    used 577K, capacity 584K, committed 640K, reserved 1048576K
}
Event: 104.209 GC heap before
{Heap before GC invocations=27 (full 0):
 PSYoungGen      total 5632K, used 4256K [0x00000000eac00000, 0x00000000eb300000, 0x0000000100000000)
  eden space 4096K, 100% used [0x00000000eac00000,0x00000000eb000000,0x00000000eb000000)
  from space 1536K, 10% used [0x00000000eb180000,0x00000000eb1a8000,0x00000000eb300000)
  to   space 1536K, 0% used [0x00000000eb000000,0x00000000eb000000,0x00000000eb180000)
 ParOldGen       total 64000K, used 4056K [0x00000000c0400000, 0x00000000c4280000, 0x00000000eac00000)
  object space 64000K, 6% used [0x00000000c0400000,0x00000000c07f6230,0x00000000c4280000)
 Metaspace       used 6209K, capacity 7214K, committed 7296K, reserved 1056768K
  class space    used 577K, capacity 584K, committed 640K, reserved 1048576K
Event: 104.210 GC heap after
Heap after GC invocations=27 (full 0):
 PSYoungGen      total 5632K, used 160K [0x00000000eac00000, 0x00000000eb300000, 0x0000000100000000)
  eden space 4096K, 0% used [0x00000000eac00000,0x00000000eac00000,0x00000000eb000000)
  from space 1536K, 10% used [0x00000000eb000000,0x00000000eb028000,0x00000000eb180000)
  to   space 1536K, 0% used [0x00000000eb180000,0x00000000eb180000,0x00000000eb300000)
 ParOldGen       total 64000K, used 4064K [0x00000000c0400000, 0x00000000c4280000, 0x00000000eac00000)
  object space 64000K, 6% used [0x00000000c0400000,0x00000000c07f8230,0x00000000c4280000)
 Metaspace       used 6209K, capacity 7214K, committed 7296K, reserved 1056768K
  class space    used 577K, capacity 584K, committed 640K, reserved 1048576K
}

