# JRE version: Java(TM) SE Runtime Environment (8.0-b132) (build 1.8.0-b132)
# Java VM: Java HotSpot(TM) 64-Bit Server VM (25.0-b70 mixed mode windows-amd64 compressed oops)
Heap:
 PSYoungGen      total 9216K, used 4569K [0x00000000eac00000, 0x00000000eb700000, 0x0000000100000000)
  eden space 8192K, 44% used [0x00000000eac00000,0x00000000eaf883e8,0x00000000eb400000)
  from space 1024K, 93% used [0x00000000eb600000,0x00000000eb6ee250,0x00000000eb700000)
  to   space 1536K, 0% used [0x00000000eb400000,0x00000000eb400000,0x00000000eb580000)
 ParOldGen       total 64000K, used 3209K [0x00000000c0400000, 0x00000000c4280000, 0x00000000eac00000)
  object space 64000K, 5% used [0x00000000c0400000,0x00000000c0722510,0x00000000c4280000)
 Metaspace       used 6220K, capacity 7214K, committed 7296K, reserved 1056768K
  class space    used 576K, capacity 584K, committed 640K, reserved 1048576K
GC Heap History (10 events):
Event: 113.488 GC heap before
{Heap before GC invocations=12 (full 0):
 PSYoungGen      total 10240K, used 9224K [0x00000000eac00000, 0x00000000eb800000, 0x0000000100000000)
  eden space 8192K, 100% used [0x00000000eac00000,0x00000000eb400000,0x00000000eb400000)
  from space 2048K, 50% used [0x00000000eb400000,0x00000000eb502380,0x00000000eb600000)
  to   space 2048K, 0% used [0x00000000eb600000,0x00000000eb600000,0x00000000eb800000)
 ParOldGen       total 64000K, used 2296K [0x00000000c0400000, 0x00000000c4280000, 0x00000000eac00000)
  object space 64000K, 3% used [0x00000000c0400000,0x00000000c063e0e8,0x00000000c4280000)
 Metaspace       used 6199K, capacity 7214K, committed 7296K, reserved 1056768K
  class space    used 576K, capacity 584K, committed 640K, reserved 1048576K
Event: 113.490 GC heap after
Heap after GC invocations=12 (full 0):
 PSYoungGen      total 10240K, used 936K [0x00000000eac00000, 0x00000000eb800000, 0x0000000100000000)
  eden space 8192K, 0% used [0x00000000eac00000,0x00000000eac00000,0x00000000eb400000)
  from space 2048K, 45% used [0x00000000eb600000,0x00000000eb6ea2e0,0x00000000eb800000)
  to   space 2048K, 0% used [0x00000000eb400000,0x00000000eb400000,0x00000000eb600000)
 ParOldGen       total 64000K, used 2320K [0x00000000c0400000, 0x00000000c4280000, 0x00000000eac00000)
  object space 64000K, 3% used [0x00000000c0400000,0x00000000c06440e8,0x00000000c4280000)
 Metaspace       used 6199K, capacity 7214K, committed 7296K, reserved 1056768K
  class space    used 576K, capacity 584K, committed 640K, reserved 1048576K
}
Event: 138.824 GC heap before
{Heap before GC invocations=13 (full 0):
 PSYoungGen      total 10240K, used 9128K [0x00000000eac00000, 0x00000000eb800000, 0x0000000100000000)
  eden space 8192K, 100% used [0x00000000eac00000,0x00000000eb400000,0x00000000eb400000)
  from space 2048K, 45% used [0x00000000eb600000,0x00000000eb6ea2e0,0x00000000eb800000)
  to   space 2048K, 0% used [0x00000000eb400000,0x00000000eb400000,0x00000000eb600000)
 ParOldGen       total 64000K, used 2320K [0x00000000c0400000, 0x00000000c4280000, 0x00000000eac00000)
  object space 64000K, 3% used [0x00000000c0400000,0x00000000c06440e8,0x00000000c4280000)
 Metaspace       used 6200K, capacity 7214K, committed 7296K, reserved 1056768K
  class space    used 576K, capacity 584K, committed 640K, reserved 1048576K
Event: 138.825 GC heap after
Heap after GC invocations=13 (full 0):
 PSYoungGen      total 10240K, used 1128K [0x00000000eac00000, 0x00000000eb800000, 0x0000000100000000)
  eden space 8192K, 0% used [0x00000000eac00000,0x00000000eac00000,0x00000000eb400000)
  from space 2048K, 55% used [0x00000000eb400000,0x00000000eb51a380,0x00000000eb600000)
  to   space 2048K, 0% used [0x00000000eb600000,0x00000000eb600000,0x00000000eb800000)
 ParOldGen       total 64000K, used 2336K [0x00000000c0400000, 0x00000000c4280000, 0x00000000eac00000)
  object space 64000K, 3% used [0x00000000c0400000,0x00000000c06480e8,0x00000000c4280000)
 Metaspace       used 6200K, capacity 7214K, committed 7296K, reserved 1056768K
  class space    used 576K, capacity 584K, committed 640K, reserved 1048576K
}
Event: 169.342 GC heap before
{Heap before GC invocations=14 (full 0):
 PSYoungGen      total 10240K, used 9320K [0x00000000eac00000, 0x00000000eb800000, 0x0000000100000000)
  eden space 8192K, 100% used [0x00000000eac00000,0x00000000eb400000,0x00000000eb400000)
  from space 2048K, 55% used [0x00000000eb400000,0x00000000eb51a380,0x00000000eb600000)
  to   space 2048K, 0% used [0x00000000eb600000,0x00000000eb600000,0x00000000eb800000)
 ParOldGen       total 64000K, used 2336K [0x00000000c0400000, 0x00000000c4280000, 0x00000000eac00000)
  object space 64000K, 3% used [0x00000000c0400000,0x00000000c06480e8,0x00000000c4280000)
 Metaspace       used 6201K, capacity 7214K, committed 7296K, reserved 1056768K
  class space    used 576K, capacity 584K, committed 640K, reserved 1048576K
Event: 169.344 GC heap after
Heap after GC invocations=14 (full 0):
 PSYoungGen      total 10240K, used 352K [0x00000000eac00000, 0x00000000eb800000, 0x0000000100000000)
  eden space 8192K, 0% used [0x00000000eac00000,0x00000000eac00000,0x00000000eb400000)
  from space 2048K, 17% used [0x00000000eb600000,0x00000000eb658000,0x00000000eb800000)
  to   space 2048K, 0% used [0x00000000eb400000,0x00000000eb400000,0x00000000eb600000)
 ParOldGen       total 64000K, used 3169K [0x00000000c0400000, 0x00000000c4280000, 0x00000000eac00000)
  object space 64000K, 4% used [0x00000000c0400000,0x00000000c0718510,0x00000000c4280000)
 Metaspace       used 6201K, capacity 7214K, committed 7296K, reserved 1056768K
  class space    used 576K, capacity 584K, committed 640K, reserved 1048576K
}
Event: 209.285 GC heap before
{Heap before GC invocations=15 (full 0):
 PSYoungGen      total 10240K, used 8525K [0x00000000eac00000, 0x00000000eb800000, 0x0000000100000000)
  eden space 8192K, 99% used [0x00000000eac00000,0x00000000eb3fb470,0x00000000eb400000)
  from space 2048K, 17% used [0x00000000eb600000,0x00000000eb658000,0x00000000eb800000)
  to   space 2048K, 0% used [0x00000000eb400000,0x00000000eb400000,0x00000000eb600000)
 ParOldGen       total 64000K, used 3169K [0x00000000c0400000, 0x00000000c4280000, 0x00000000eac00000)
  object space 64000K, 4% used [0x00000000c0400000,0x00000000c0718510,0x00000000c4280000)
 Metaspace       used 6203K, capacity 7214K, committed 7296K, reserved 1056768K
  class space    used 576K, capacity 584K, committed 640K, reserved 1048576K
Event: 209.286 GC heap after
Heap after GC invocations=15 (full 0):
 PSYoungGen      total 10240K, used 810K [0x00000000eac00000, 0x00000000eb800000, 0x0000000100000000)
  eden space 8192K, 0% used [0x00000000eac00000,0x00000000eac00000,0x00000000eb400000)
  from space 2048K, 39% used [0x00000000eb400000,0x00000000eb4ca9c0,0x00000000eb600000)
  to   space 2048K, 0% used [0x00000000eb600000,0x00000000eb600000,0x00000000eb800000)
 ParOldGen       total 64000K, used 3185K [0x00000000c0400000, 0x00000000c4280000, 0x00000000eac00000)
  object space 64000K, 4% used [0x00000000c0400000,0x00000000c071c510,0x00000000c4280000)
 Metaspace       used 6203K, capacity 7214K, committed 7296K, reserved 1056768K
  class space    used 576K, capacity 584K, committed 640K, reserved 1048576K
}
Event: 218.646 GC heap before
{Heap before GC invocations=16 (full 0):
 PSYoungGen      total 10240K, used 9002K [0x00000000eac00000, 0x00000000eb800000, 0x0000000100000000)
  eden space 8192K, 100% used [0x00000000eac00000,0x00000000eb400000,0x00000000eb400000)
  from space 2048K, 39% used [0x00000000eb400000,0x00000000eb4ca9c0,0x00000000eb600000)
  to   space 2048K, 0% used [0x00000000eb600000,0x00000000eb600000,0x00000000eb800000)
 ParOldGen       total 64000K, used 3185K [0x00000000c0400000, 0x00000000c4280000, 0x00000000eac00000)
  object space 64000K, 4% used [0x00000000c0400000,0x00000000c071c510,0x00000000c4280000)
 Metaspace       used 6220K, capacity 7214K, committed 7296K, reserved 1056768K
  class space    used 576K, capacity 584K, committed 640K, reserved 1048576K
Event: 218.648 GC heap after
Heap after GC invocations=16 (full 0):
 PSYoungGen      total 9216K, used 952K [0x00000000eac00000, 0x00000000eb700000, 0x0000000100000000)
  eden space 8192K, 0% used [0x00000000eac00000,0x00000000eac00000,0x00000000eb400000)
  from space 1024K, 93% used [0x00000000eb600000,0x00000000eb6ee250,0x00000000eb700000)
  to   space 1536K, 0% used [0x00000000eb400000,0x00000000eb400000,0x00000000eb580000)
 ParOldGen       total 64000K, used 3209K [0x00000000c0400000, 0x00000000c4280000, 0x00000000eac00000)
  object space 64000K, 5% used [0x00000000c0400000,0x00000000c0722510,0x00000000c4280000)
 Metaspace       used 6220K, capacity 7214K, committed 7296K, reserved 1056768K
  class space    used 576K, capacity 584K, committed 640K, reserved 1048576K
}

