# JRE version: Java(TM) SE Runtime Environment (8.0-b132) (build 1.8.0-b132)
# Java VM: Java HotSpot(TM) 64-Bit Server VM (25.0-b70 mixed mode windows-amd64 compressed oops)
Heap:
 PSYoungGen      total 9728K, used 7384K [0x00000000eac00000, 0x00000000eb780000, 0x0000000100000000)
  eden space 7680K, 83% used [0x00000000eac00000,0x00000000eb24a210,0x00000000eb380000)
  from space 2048K, 46% used [0x00000000eb380000,0x00000000eb46bf30,0x00000000eb580000)
  to   space 2048K, 0% used [0x00000000eb580000,0x00000000eb580000,0x00000000eb780000)
 ParOldGen       total 64000K, used 5610K [0x00000000c0400000, 0x00000000c4280000, 0x00000000eac00000)
  object space 64000K, 8% used [0x00000000c0400000,0x00000000c097aa38,0x00000000c4280000)
 Metaspace       used 6220K, capacity 7214K, committed 7296K, reserved 1056768K
  class space    used 577K, capacity 584K, committed 640K, reserved 1048576K
GC Heap History (10 events):
Event: 117.783 GC heap before
{Heap before GC invocations=17 (full 0):
 PSYoungGen      total 9728K, used 7904K [0x00000000eac00000, 0x00000000eb780000, 0x0000000100000000)
  eden space 7680K, 100% used [0x00000000eac00000,0x00000000eb380000,0x00000000eb380000)
  from space 2048K, 10% used [0x00000000eb580000,0x00000000eb5b8000,0x00000000eb780000)
  to   space 2048K, 0% used [0x00000000eb380000,0x00000000eb380000,0x00000000eb580000)
 ParOldGen       total 64000K, used 3850K [0x00000000c0400000, 0x00000000c4280000, 0x00000000eac00000)
  object space 64000K, 6% used [0x00000000c0400000,0x00000000c07c28e8,0x00000000c4280000)
 Metaspace       used 6218K, capacity 7214K, committed 7296K, reserved 1056768K
  class space    used 577K, capacity 584K, committed 640K, reserved 1048576K
Event: 117.785 GC heap after
Heap after GC invocations=17 (full 0):
 PSYoungGen      total 9728K, used 1056K [0x00000000eac00000, 0x00000000eb780000, 0x0000000100000000)
  eden space 7680K, 0% used [0x00000000eac00000,0x00000000eac00000,0x00000000eb380000)
  from space 2048K, 51% used [0x00000000eb380000,0x00000000eb4880c0,0x00000000eb580000)
  to   space 2048K, 0% used [0x00000000eb580000,0x00000000eb580000,0x00000000eb780000)
 ParOldGen       total 64000K, used 3866K [0x00000000c0400000, 0x00000000c4280000, 0x00000000eac00000)
  object space 64000K, 6% used [0x00000000c0400000,0x00000000c07c68e8,0x00000000c4280000)
 Metaspace       used 6218K, capacity 7214K, committed 7296K, reserved 1056768K
  class space    used 577K, capacity 584K, committed 640K, reserved 1048576K
}
Event: 134.385 GC heap before
{Heap before GC invocations=18 (full 0):
 PSYoungGen      total 9728K, used 8736K [0x00000000eac00000, 0x00000000eb780000, 0x0000000100000000)
  eden space 7680K, 100% used [0x00000000eac00000,0x00000000eb380000,0x00000000eb380000)
  from space 2048K, 51% used [0x00000000eb380000,0x00000000eb4880c0,0x00000000eb580000)
  to   space 2048K, 0% used [0x00000000eb580000,0x00000000eb580000,0x00000000eb780000)
 ParOldGen       total 64000K, used 3866K [0x00000000c0400000, 0x00000000c4280000, 0x00000000eac00000)
  object space 64000K, 6% used [0x00000000c0400000,0x00000000c07c68e8,0x00000000c4280000)
 Metaspace       used 6218K, capacity 7214K, committed 7296K, reserved 1056768K
  class space    used 577K, capacity 584K, committed 640K, reserved 1048576K
Event: 134.387 GC heap after
Heap after GC invocations=18 (full 0):
 PSYoungGen      total 9728K, used 192K [0x00000000eac00000, 0x00000000eb780000, 0x0000000100000000)
  eden space 7680K, 0% used [0x00000000eac00000,0x00000000eac00000,0x00000000eb380000)
  from space 2048K, 9% used [0x00000000eb580000,0x00000000eb5b0000,0x00000000eb780000)
  to   space 2048K, 0% used [0x00000000eb380000,0x00000000eb380000,0x00000000eb580000)
 ParOldGen       total 64000K, used 4770K [0x00000000c0400000, 0x00000000c4280000, 0x00000000eac00000)
  object space 64000K, 7% used [0x00000000c0400000,0x00000000c08a89a8,0x00000000c4280000)
 Metaspace       used 6218K, capacity 7214K, committed 7296K, reserved 1056768K
  class space    used 577K, capacity 584K, committed 640K, reserved 1048576K
}
Event: 146.753 GC heap before
{Heap before GC invocations=19 (full 0):
 PSYoungGen      total 9728K, used 7872K [0x00000000eac00000, 0x00000000eb780000, 0x0000000100000000)
  eden space 7680K, 100% used [0x00000000eac00000,0x00000000eb380000,0x00000000eb380000)
  from space 2048K, 9% used [0x00000000eb580000,0x00000000eb5b0000,0x00000000eb780000)
  to   space 2048K, 0% used [0x00000000eb380000,0x00000000eb380000,0x00000000eb580000)
 ParOldGen       total 64000K, used 4770K [0x00000000c0400000, 0x00000000c4280000, 0x00000000eac00000)
  object space 64000K, 7% used [0x00000000c0400000,0x00000000c08a89a8,0x00000000c4280000)
 Metaspace       used 6219K, capacity 7214K, committed 7296K, reserved 1056768K
  class space    used 577K, capacity 584K, committed 640K, reserved 1048576K
Event: 146.754 GC heap after
Heap after GC invocations=19 (full 0):
 PSYoungGen      total 9728K, used 959K [0x00000000eac00000, 0x00000000eb780000, 0x0000000100000000)
  eden space 7680K, 0% used [0x00000000eac00000,0x00000000eac00000,0x00000000eb380000)
  from space 2048K, 46% used [0x00000000eb380000,0x00000000eb46ffe0,0x00000000eb580000)
  to   space 2048K, 0% used [0x00000000eb580000,0x00000000eb580000,0x00000000eb780000)
 ParOldGen       total 64000K, used 4786K [0x00000000c0400000, 0x00000000c4280000, 0x00000000eac00000)
  object space 64000K, 7% used [0x00000000c0400000,0x00000000c08ac9a8,0x00000000c4280000)
 Metaspace       used 6219K, capacity 7214K, committed 7296K, reserved 1056768K
  class space    used 577K, capacity 584K, committed 640K, reserved 1048576K
}
Event: 163.454 GC heap before
{Heap before GC invocations=20 (full 0):
 PSYoungGen      total 9728K, used 8639K [0x00000000eac00000, 0x00000000eb780000, 0x0000000100000000)
  eden space 7680K, 100% used [0x00000000eac00000,0x00000000eb380000,0x00000000eb380000)
  from space 2048K, 46% used [0x00000000eb380000,0x00000000eb46ffe0,0x00000000eb580000)
  to   space 2048K, 0% used [0x00000000eb580000,0x00000000eb580000,0x00000000eb780000)
 ParOldGen       total 64000K, used 4786K [0x00000000c0400000, 0x00000000c4280000, 0x00000000eac00000)
  object space 64000K, 7% used [0x00000000c0400000,0x00000000c08ac9a8,0x00000000c4280000)
 Metaspace       used 6219K, capacity 7214K, committed 7296K, reserved 1056768K
  class space    used 577K, capacity 584K, committed 640K, reserved 1048576K
Event: 163.455 GC heap after
Heap after GC invocations=20 (full 0):
 PSYoungGen      total 9728K, used 192K [0x00000000eac00000, 0x00000000eb780000, 0x0000000100000000)
  eden space 7680K, 0% used [0x00000000eac00000,0x00000000eac00000,0x00000000eb380000)
  from space 2048K, 9% used [0x00000000eb580000,0x00000000eb5b0000,0x00000000eb780000)
  to   space 2048K, 0% used [0x00000000eb380000,0x00000000eb380000,0x00000000eb580000)
 ParOldGen       total 64000K, used 5586K [0x00000000c0400000, 0x00000000c4280000, 0x00000000eac00000)
  object space 64000K, 8% used [0x00000000c0400000,0x00000000c0974a38,0x00000000c4280000)
 Metaspace       used 6219K, capacity 7214K, committed 7296K, reserved 1056768K
  class space    used 577K, capacity 584K, committed 640K, reserved 1048576K
}
Event: 176.488 GC heap before
{Heap before GC invocations=21 (full 0):
 PSYoungGen      total 9728K, used 7872K [0x00000000eac00000, 0x00000000eb780000, 0x0000000100000000)
  eden space 7680K, 100% used [0x00000000eac00000,0x00000000eb380000,0x00000000eb380000)
  from space 2048K, 9% used [0x00000000eb580000,0x00000000eb5b0000,0x00000000eb780000)
  to   space 2048K, 0% used [0x00000000eb380000,0x00000000eb380000,0x00000000eb580000)
 ParOldGen       total 64000K, used 5586K [0x00000000c0400000, 0x00000000c4280000, 0x00000000eac00000)
  object space 64000K, 8% used [0x00000000c0400000,0x00000000c0974a38,0x00000000c4280000)
 Metaspace       used 6220K, capacity 7214K, committed 7296K, reserved 1056768K
  class space    used 577K, capacity 584K, committed 640K, reserved 1048576K
Event: 176.489 GC heap after
Heap after GC invocations=21 (full 0):
 PSYoungGen      total 9728K, used 943K [0x00000000eac00000, 0x00000000eb780000, 0x0000000100000000)
  eden space 7680K, 0% used [0x00000000eac00000,0x00000000eac00000,0x00000000eb380000)
  from space 2048K, 46% used [0x00000000eb380000,0x00000000eb46bf30,0x00000000eb580000)
  to   space 2048K, 0% used [0x00000000eb580000,0x00000000eb580000,0x00000000eb780000)
 ParOldGen       total 64000K, used 5610K [0x00000000c0400000, 0x00000000c4280000, 0x00000000eac00000)
  object space 64000K, 8% used [0x00000000c0400000,0x00000000c097aa38,0x00000000c4280000)
 Metaspace       used 6220K, capacity 7214K, committed 7296K, reserved 1056768K
  class space    used 577K, capacity 584K, committed 640K, reserved 1048576K
}

