# JRE version: Java(TM) SE Runtime Environment (8.0-b132) (build 1.8.0-b132)
# Java VM: Java HotSpot(TM) 64-Bit Server VM (25.0-b70 mixed mode windows-amd64 compressed oops)
Heap:
 PSYoungGen      total 4096K, used 610K [0x00000000eac00000, 0x00000000eb400000, 0x0000000100000000)
  eden space 3584K, 11% used [0x00000000eac00000,0x00000000eac68a30,0x00000000eaf80000)
  from space 512K, 37% used [0x00000000eb180000,0x00000000eb1b0000,0x00000000eb200000)
  to   space 1536K, 0% used [0x00000000eb280000,0x00000000eb280000,0x00000000eb400000)
 ParOldGen       total 64000K, used 2551K [0x00000000c0400000, 0x00000000c4280000, 0x00000000eac00000)
  object space 64000K, 3% used [0x00000000c0400000,0x00000000c067dd18,0x00000000c4280000)
 Metaspace       used 6114K, capacity 7150K, committed 7296K, reserved 1056768K
  class space    used 575K, capacity 584K, committed 640K, reserved 1048576K
GC Heap History (10 events):
Event: 0.785 GC heap before
{Heap before GC invocations=7 (full 0):
 PSYoungGen      total 3072K, used 2874K [0x00000000eac00000, 0x00000000eb000000, 0x0000000100000000)
  eden space 2048K, 99% used [0x00000000eac00000,0x00000000eadfeb98,0x00000000eae00000)
  from space 1024K, 81% used [0x00000000eaf00000,0x00000000eafd0020,0x00000000eb000000)
  to   space 1024K, 0% used [0x00000000eae00000,0x00000000eae00000,0x00000000eaf00000)
 ParOldGen       total 64000K, used 648K [0x00000000c0400000, 0x00000000c4280000, 0x00000000eac00000)
  object space 64000K, 1% used [0x00000000c0400000,0x00000000c04a2340,0x00000000c4280000)
 Metaspace       used 4815K, capacity 5966K, committed 6144K, reserved 1056768K
  class space    used 463K, capacity 488K, committed 512K, reserved 1048576K
Event: 0.787 GC heap after
Heap after GC invocations=7 (full 0):
 PSYoungGen      total 3072K, used 900K [0x00000000eac00000, 0x00000000eb200000, 0x0000000100000000)
  eden space 2048K, 0% used [0x00000000eac00000,0x00000000eac00000,0x00000000eae00000)
  from space 1024K, 87% used [0x00000000eae00000,0x00000000eaee12c0,0x00000000eaf00000)
  to   space 1024K, 0% used [0x00000000eb100000,0x00000000eb100000,0x00000000eb200000)
 ParOldGen       total 64000K, used 976K [0x00000000c0400000, 0x00000000c4280000, 0x00000000eac00000)
  object space 64000K, 1% used [0x00000000c0400000,0x00000000c04f4390,0x00000000c4280000)
 Metaspace       used 4815K, capacity 5966K, committed 6144K, reserved 1056768K
  class space    used 463K, capacity 488K, committed 512K, reserved 1048576K
}
Event: 2.001 GC heap before
{Heap before GC invocations=8 (full 0):
 PSYoungGen      total 3072K, used 2947K [0x00000000eac00000, 0x00000000eb200000, 0x0000000100000000)
  eden space 2048K, 99% used [0x00000000eac00000,0x00000000eadffb40,0x00000000eae00000)
  from space 1024K, 87% used [0x00000000eae00000,0x00000000eaee12c0,0x00000000eaf00000)
  to   space 1024K, 0% used [0x00000000eb100000,0x00000000eb100000,0x00000000eb200000)
 ParOldGen       total 64000K, used 976K [0x00000000c0400000, 0x00000000c4280000, 0x00000000eac00000)
  object space 64000K, 1% used [0x00000000c0400000,0x00000000c04f4390,0x00000000c4280000)
 Metaspace       used 5384K, capacity 6510K, committed 6784K, reserved 1056768K
  class space    used 511K, capacity 520K, committed 640K, reserved 1048576K
Event: 2.003 GC heap after
Heap after GC invocations=8 (full 0):
 PSYoungGen      total 4608K, used 944K [0x00000000eac00000, 0x00000000eb300000, 0x0000000100000000)
  eden space 3584K, 0% used [0x00000000eac00000,0x00000000eac00000,0x00000000eaf80000)
  from space 1024K, 92% used [0x00000000eb100000,0x00000000eb1ec030,0x00000000eb200000)
  to   space 1536K, 0% used [0x00000000eaf80000,0x00000000eaf80000,0x00000000eb100000)
 ParOldGen       total 64000K, used 1080K [0x00000000c0400000, 0x00000000c4280000, 0x00000000eac00000)
  object space 64000K, 1% used [0x00000000c0400000,0x00000000c050e3c0,0x00000000c4280000)
 Metaspace       used 5384K, capacity 6510K, committed 6784K, reserved 1056768K
  class space    used 511K, capacity 520K, committed 640K, reserved 1048576K
}
Event: 2.581 GC heap before
{Heap before GC invocations=9 (full 0):
 PSYoungGen      total 4608K, used 4528K [0x00000000eac00000, 0x00000000eb300000, 0x0000000100000000)
  eden space 3584K, 100% used [0x00000000eac00000,0x00000000eaf80000,0x00000000eaf80000)
  from space 1024K, 92% used [0x00000000eb100000,0x00000000eb1ec030,0x00000000eb200000)
  to   space 1536K, 0% used [0x00000000eaf80000,0x00000000eaf80000,0x00000000eb100000)
 ParOldGen       total 64000K, used 1080K [0x00000000c0400000, 0x00000000c4280000, 0x00000000eac00000)
  object space 64000K, 1% used [0x00000000c0400000,0x00000000c050e3c0,0x00000000c4280000)
 Metaspace       used 5977K, capacity 7022K, committed 7296K, reserved 1056768K
  class space    used 574K, capacity 584K, committed 640K, reserved 1048576K
Event: 2.584 GC heap after
Heap after GC invocations=9 (full 0):
 PSYoungGen      total 5120K, used 1506K [0x00000000eac00000, 0x00000000eb500000, 0x0000000100000000)
  eden space 3584K, 0% used [0x00000000eac00000,0x00000000eac00000,0x00000000eaf80000)
  from space 1536K, 98% used [0x00000000eaf80000,0x00000000eb0f8b70,0x00000000eb100000)
  to   space 1536K, 0% used [0x00000000eb380000,0x00000000eb380000,0x00000000eb500000)
 ParOldGen       total 64000K, used 1356K [0x00000000c0400000, 0x00000000c4280000, 0x00000000eac00000)
  object space 64000K, 2% used [0x00000000c0400000,0x00000000c0553128,0x00000000c4280000)
 Metaspace       used 5977K, capacity 7022K, committed 7296K, reserved 1056768K
  class space    used 574K, capacity 584K, committed 640K, reserved 1048576K
}
Event: 12.052 GC heap before
{Heap before GC invocations=10 (full 0):
 PSYoungGen      total 5120K, used 5090K [0x00000000eac00000, 0x00000000eb500000, 0x0000000100000000)
  eden space 3584K, 100% used [0x00000000eac00000,0x00000000eaf80000,0x00000000eaf80000)
  from space 1536K, 98% used [0x00000000eaf80000,0x00000000eb0f8b70,0x00000000eb100000)
  to   space 1536K, 0% used [0x00000000eb380000,0x00000000eb380000,0x00000000eb500000)
 ParOldGen       total 64000K, used 1356K [0x00000000c0400000, 0x00000000c4280000, 0x00000000eac00000)
  object space 64000K, 2% used [0x00000000c0400000,0x00000000c0553128,0x00000000c4280000)
 Metaspace       used 6097K, capacity 7150K, committed 7296K, reserved 1056768K
  class space    used 575K, capacity 584K, committed 640K, reserved 1048576K
Event: 12.054 GC heap after
Heap after GC invocations=10 (full 0):
 PSYoungGen      total 4608K, used 936K [0x00000000eac00000, 0x00000000eb480000, 0x0000000100000000)
  eden space 3584K, 0% used [0x00000000eac00000,0x00000000eac00000,0x00000000eaf80000)
  from space 1024K, 91% used [0x00000000eb380000,0x00000000eb46a348,0x00000000eb480000)
  to   space 1536K, 0% used [0x00000000eb180000,0x00000000eb180000,0x00000000eb300000)
 ParOldGen       total 64000K, used 1710K [0x00000000c0400000, 0x00000000c4280000, 0x00000000eac00000)
  object space 64000K, 2% used [0x00000000c0400000,0x00000000c05ab8d0,0x00000000c4280000)
 Metaspace       used 6097K, capacity 7150K, committed 7296K, reserved 1056768K
  class space    used 575K, capacity 584K, committed 640K, reserved 1048576K
}
Event: 23.151 GC heap before
{Heap before GC invocations=11 (full 0):
 PSYoungGen      total 4608K, used 4520K [0x00000000eac00000, 0x00000000eb480000, 0x0000000100000000)
  eden space 3584K, 100% used [0x00000000eac00000,0x00000000eaf80000,0x00000000eaf80000)
  from space 1024K, 91% used [0x00000000eb380000,0x00000000eb46a348,0x00000000eb480000)
  to   space 1536K, 0% used [0x00000000eb180000,0x00000000eb180000,0x00000000eb300000)
 ParOldGen       total 64000K, used 1710K [0x00000000c0400000, 0x00000000c4280000, 0x00000000eac00000)
  object space 64000K, 2% used [0x00000000c0400000,0x00000000c05ab8d0,0x00000000c4280000)
 Metaspace       used 6114K, capacity 7150K, committed 7296K, reserved 1056768K
  class space    used 575K, capacity 584K, committed 640K, reserved 1048576K
Event: 23.153 GC heap after
Heap after GC invocations=11 (full 0):
 PSYoungGen      total 4096K, used 192K [0x00000000eac00000, 0x00000000eb400000, 0x0000000100000000)
  eden space 3584K, 0% used [0x00000000eac00000,0x00000000eac00000,0x00000000eaf80000)
  from space 512K, 37% used [0x00000000eb180000,0x00000000eb1b0000,0x00000000eb200000)
  to   space 1536K, 0% used [0x00000000eb280000,0x00000000eb280000,0x00000000eb400000)
 ParOldGen       total 64000K, used 2551K [0x00000000c0400000, 0x00000000c4280000, 0x00000000eac00000)
  object space 64000K, 3% used [0x00000000c0400000,0x00000000c067dd18,0x00000000c4280000)
 Metaspace       used 6114K, capacity 7150K, committed 7296K, reserved 1056768K
  class space    used 575K, capacity 584K, committed 640K, reserved 1048576K
}

