# JRE version: Java(TM) SE Runtime Environment (8.0-b132) (build 1.8.0-b132)
# Java VM: Java HotSpot(TM) 64-Bit Server VM (25.0-b70 mixed mode windows-amd64 compressed oops)
Heap:
 PSYoungGen      total 5120K, used 1744K [0x00000000eac00000, 0x00000000eb600000, 0x0000000100000000)
  eden space 4096K, 17% used [0x00000000eac00000,0x00000000eacb81d0,0x00000000eb000000)
  from space 1024K, 98% used [0x00000000eb500000,0x00000000eb5fc038,0x00000000eb600000)
  to   space 2048K, 0% used [0x00000000eb200000,0x00000000eb200000,0x00000000eb400000)
 ParOldGen       total 64000K, used 2037K [0x00000000c0400000, 0x00000000c4280000, 0x00000000eac00000)
  object space 64000K, 3% used [0x00000000c0400000,0x00000000c05fd4e0,0x00000000c4280000)
 Metaspace       used 6148K, capacity 7150K, committed 7296K, reserved 1056768K
  class space    used 575K, capacity 584K, committed 640K, reserved 1048576K
GC Heap History (10 events):
Event: 0.754 GC heap before
{Heap before GC invocations=6 (full 0):
 PSYoungGen      total 2560K, used 2393K [0x00000000eac00000, 0x00000000eb300000, 0x0000000100000000)
  eden space 2048K, 91% used [0x00000000eac00000,0x00000000eadd6a20,0x00000000eae00000)
  from space 512K, 99% used [0x00000000eae00000,0x00000000eae7fc30,0x00000000eae80000)
  to   space 1536K, 0% used [0x00000000eb180000,0x00000000eb180000,0x00000000eb300000)
 ParOldGen       total 64000K, used 1121K [0x00000000c0400000, 0x00000000c4280000, 0x00000000eac00000)
  object space 64000K, 1% used [0x00000000c0400000,0x00000000c0518568,0x00000000c4280000)
 Metaspace       used 4998K, capacity 6126K, committed 6272K, reserved 1056768K
  class space    used 481K, capacity 520K, committed 640K, reserved 1048576K
Event: 0.756 GC heap after
Heap after GC invocations=6 (full 0):
 PSYoungGen      total 5632K, used 1109K [0x00000000eac00000, 0x00000000eb300000, 0x0000000100000000)
  eden space 4096K, 0% used [0x00000000eac00000,0x00000000eac00000,0x00000000eb000000)
  from space 1536K, 72% used [0x00000000eb180000,0x00000000eb295590,0x00000000eb300000)
  to   space 1536K, 0% used [0x00000000eb000000,0x00000000eb000000,0x00000000eb180000)
 ParOldGen       total 64000K, used 1129K [0x00000000c0400000, 0x00000000c4280000, 0x00000000eac00000)
  object space 64000K, 1% used [0x00000000c0400000,0x00000000c051a568,0x00000000c4280000)
 Metaspace       used 4998K, capacity 6126K, committed 6272K, reserved 1056768K
  class space    used 481K, capacity 520K, committed 640K, reserved 1048576K
}
Event: 1.164 GC heap before
{Heap before GC invocations=7 (full 0):
 PSYoungGen      total 5632K, used 4754K [0x00000000eac00000, 0x00000000eb300000, 0x0000000100000000)
  eden space 4096K, 88% used [0x00000000eac00000,0x00000000eaf8f478,0x00000000eb000000)
  from space 1536K, 72% used [0x00000000eb180000,0x00000000eb295590,0x00000000eb300000)
  to   space 1536K, 0% used [0x00000000eb000000,0x00000000eb000000,0x00000000eb180000)
 ParOldGen       total 64000K, used 1129K [0x00000000c0400000, 0x00000000c4280000, 0x00000000eac00000)
  object space 64000K, 1% used [0x00000000c0400000,0x00000000c051a568,0x00000000c4280000)
 Metaspace       used 4999K, capacity 6126K, committed 6272K, reserved 1056768K
  class space    used 481K, capacity 520K, committed 640K, reserved 1048576K
Event: 1.165 GC heap after
Heap after GC invocations=7 (full 0):
 PSYoungGen      total 5632K, used 480K [0x00000000eac00000, 0x00000000eb700000, 0x0000000100000000)
  eden space 4096K, 0% used [0x00000000eac00000,0x00000000eac00000,0x00000000eb000000)
  from space 1536K, 31% used [0x00000000eb000000,0x00000000eb078000,0x00000000eb180000)
  to   space 1536K, 0% used [0x00000000eb580000,0x00000000eb580000,0x00000000eb700000)
 ParOldGen       total 64000K, used 1377K [0x00000000c0400000, 0x00000000c4280000, 0x00000000eac00000)
  object space 64000K, 2% used [0x00000000c0400000,0x00000000c05585b8,0x00000000c4280000)
 Metaspace       used 4999K, capacity 6126K, committed 6272K, reserved 1056768K
  class space    used 481K, capacity 520K, committed 640K, reserved 1048576K
}
Event: 2.545 GC heap before
{Heap before GC invocations=8 (full 0):
 PSYoungGen      total 5632K, used 4576K [0x00000000eac00000, 0x00000000eb700000, 0x0000000100000000)
  eden space 4096K, 100% used [0x00000000eac00000,0x00000000eb000000,0x00000000eb000000)
  from space 1536K, 31% used [0x00000000eb000000,0x00000000eb078000,0x00000000eb180000)
  to   space 1536K, 0% used [0x00000000eb580000,0x00000000eb580000,0x00000000eb700000)
 ParOldGen       total 64000K, used 1377K [0x00000000c0400000, 0x00000000c4280000, 0x00000000eac00000)
  object space 64000K, 2% used [0x00000000c0400000,0x00000000c05585b8,0x00000000c4280000)
 Metaspace       used 5504K, capacity 6606K, committed 6784K, reserved 1056768K
  class space    used 522K, capacity 552K, committed 640K, reserved 1048576K
Event: 2.546 GC heap after
Heap after GC invocations=8 (full 0):
 PSYoungGen      total 5120K, used 808K [0x00000000eac00000, 0x00000000eb680000, 0x0000000100000000)
  eden space 4096K, 0% used [0x00000000eac00000,0x00000000eac00000,0x00000000eb000000)
  from space 1024K, 78% used [0x00000000eb580000,0x00000000eb64a0c0,0x00000000eb680000)
  to   space 1536K, 0% used [0x00000000eb380000,0x00000000eb380000,0x00000000eb500000)
 ParOldGen       total 64000K, used 1489K [0x00000000c0400000, 0x00000000c4280000, 0x00000000eac00000)
  object space 64000K, 2% used [0x00000000c0400000,0x00000000c05745e8,0x00000000c4280000)
 Metaspace       used 5504K, capacity 6606K, committed 6784K, reserved 1056768K
  class space    used 522K, capacity 552K, committed 640K, reserved 1048576K
}
Event: 3.469 GC heap before
{Heap before GC invocations=9 (full 0):
 PSYoungGen      total 5120K, used 4904K [0x00000000eac00000, 0x00000000eb680000, 0x0000000100000000)
  eden space 4096K, 100% used [0x00000000eac00000,0x00000000eb000000,0x00000000eb000000)
  from space 1024K, 78% used [0x00000000eb580000,0x00000000eb64a0c0,0x00000000eb680000)
  to   space 1536K, 0% used [0x00000000eb380000,0x00000000eb380000,0x00000000eb500000)
 ParOldGen       total 64000K, used 1489K [0x00000000c0400000, 0x00000000c4280000, 0x00000000eac00000)
  object space 64000K, 2% used [0x00000000c0400000,0x00000000c05745e8,0x00000000c4280000)
 Metaspace       used 6021K, capacity 7086K, committed 7296K, reserved 1056768K
  class space    used 575K, capacity 584K, committed 640K, reserved 1048576K
Event: 3.471 GC heap after
Heap after GC invocations=9 (full 0):
 PSYoungGen      total 5632K, used 1499K [0x00000000eac00000, 0x00000000eb600000, 0x0000000100000000)
  eden space 4096K, 0% used [0x00000000eac00000,0x00000000eac00000,0x00000000eb000000)
  from space 1536K, 97% used [0x00000000eb380000,0x00000000eb4f6e28,0x00000000eb500000)
  to   space 1024K, 0% used [0x00000000eb500000,0x00000000eb500000,0x00000000eb600000)
 ParOldGen       total 64000K, used 1768K [0x00000000c0400000, 0x00000000c4280000, 0x00000000eac00000)
  object space 64000K, 2% used [0x00000000c0400000,0x00000000c05ba3c0,0x00000000c4280000)
 Metaspace       used 6021K, capacity 7086K, committed 7296K, reserved 1056768K
  class space    used 575K, capacity 584K, committed 640K, reserved 1048576K
}
Event: 10.386 GC heap before
{Heap before GC invocations=10 (full 0):
 PSYoungGen      total 5632K, used 5595K [0x00000000eac00000, 0x00000000eb600000, 0x0000000100000000)
  eden space 4096K, 100% used [0x00000000eac00000,0x00000000eb000000,0x00000000eb000000)
  from space 1536K, 97% used [0x00000000eb380000,0x00000000eb4f6e28,0x00000000eb500000)
  to   space 1024K, 0% used [0x00000000eb500000,0x00000000eb500000,0x00000000eb600000)
 ParOldGen       total 64000K, used 1768K [0x00000000c0400000, 0x00000000c4280000, 0x00000000eac00000)
  object space 64000K, 2% used [0x00000000c0400000,0x00000000c05ba3c0,0x00000000c4280000)
 Metaspace       used 6133K, capacity 7150K, committed 7296K, reserved 1056768K
  class space    used 575K, capacity 584K, committed 640K, reserved 1048576K
Event: 10.388 GC heap after
Heap after GC invocations=10 (full 0):
 PSYoungGen      total 5120K, used 1008K [0x00000000eac00000, 0x00000000eb600000, 0x0000000100000000)
  eden space 4096K, 0% used [0x00000000eac00000,0x00000000eac00000,0x00000000eb000000)
  from space 1024K, 98% used [0x00000000eb500000,0x00000000eb5fc038,0x00000000eb600000)
  to   space 2048K, 0% used [0x00000000eb200000,0x00000000eb200000,0x00000000eb400000)
 ParOldGen       total 64000K, used 2037K [0x00000000c0400000, 0x00000000c4280000, 0x00000000eac00000)
  object space 64000K, 3% used [0x00000000c0400000,0x00000000c05fd4e0,0x00000000c4280000)
 Metaspace       used 6133K, capacity 7150K, committed 7296K, reserved 1056768K
  class space    used 575K, capacity 584K, committed 640K, reserved 1048576K
}

